com.microsoft.sqlserver.jdbc.SQLServerException: The INSERT statement conflicted with the FOREIGN KEY constraint "FK__DonHangChiT__MaS__71D1E811". The conflict occurred in database "QLCuaHangSach", table "dbo.Sach", column 'MaS'.
	at com.microsoft.sqlserver.jdbc.SQLServerException.makeFromDatabaseError(SQLServerException.java:265)
	at com.microsoft.sqlserver.jdbc.SQLServerStatement.getNextResult(SQLServerStatement.java:1662)
	at com.microsoft.sqlserver.jdbc.SQLServerPreparedStatement.doExecutePreparedStatement(SQLServerPreparedStatement.java:615)
	at com.microsoft.sqlserver.jdbc.SQLServerPreparedStatement$PrepStmtExecCmd.doExecute(SQLServerPreparedStatement.java:537)
	at com.microsoft.sqlserver.jdbc.TDSCommand.execute(IOBuffer.java:7417)
	at com.microsoft.sqlserver.jdbc.SQLServerConnection.executeCommand(SQLServerConnection.java:3488)
	at com.microsoft.sqlserver.jdbc.SQLServerStatement.executeCommand(SQLServerStatement.java:262)
	at com.microsoft.sqlserver.jdbc.SQLServerStatement.executeStatement(SQLServerStatement.java:237)
	at com.microsoft.sqlserver.jdbc.SQLServerPreparedStatement.executeUpdate(SQLServerPreparedStatement.java:483)
	at phuongtien.JDBCHelper.update(JDBCHelper.java:47)
	at dao.DonHangCTDAO.insert(DonHangCTDAO.java:27)
	at form.DonHangJDialog.insertDonHangCT(DonHangJDialog.java:941)
	at form.DonHangJDialog.btnThanhToanActionPerformed(DonHangJDialog.java:553)
	at form.DonHangJDialog$5.actionPerformed(DonHangJDialog.java:183)
	at java.desktop/javax.swing.AbstractButton.fireActionPerformed(AbstractButton.java:1972)
	at java.desktop/javax.swing.AbstractButton$Handler.actionPerformed(AbstractButton.java:2313)
	at java.desktop/javax.swing.DefaultButtonModel.fireActionPerformed(DefaultButtonModel.java:405)
	at java.desktop/javax.swing.DefaultButtonModel.setPressed(DefaultButtonModel.java:262)
	at java.desktop/javax.swing.plaf.basic.BasicButtonListener.mouseReleased(BasicButtonListener.java:279)
	at java.desktop/java.awt.Component.processMouseEvent(Component.java:6617)
	at java.desktop/javax.swing.JComponent.processMouseEvent(JComponent.java:3342)
	at java.desktop/java.awt.Component.processEvent(Component.java:6382)
	at java.desktop/java.awt.Container.processEvent(Container.java:2264)
	at java.desktop/java.awt.Component.dispatchEventImpl(Component.java:4993)
	at java.desktop/java.awt.Container.dispatchEventImpl(Container.java:2322)
	at java.desktop/java.awt.Component.dispatchEvent(Component.java:4825)
	at java.desktop/java.awt.LightweightDispatcher.retargetMouseEvent(Container.java:4934)
	at java.desktop/java.awt.LightweightDispatcher.processMouseEvent(Container.java:4563)
	at java.desktop/java.awt.LightweightDispatcher.dispatchEvent(Container.java:4504)
	at java.desktop/java.awt.Container.dispatchEventImpl(Container.java:2308)
	at java.desktop/java.awt.Window.dispatchEventImpl(Window.java:2773)
	at java.desktop/java.awt.Component.dispatchEvent(Component.java:4825)
	at java.desktop/java.awt.EventQueue.dispatchEventImpl(EventQueue.java:772)
	at java.desktop/java.awt.EventQueue$4.run(EventQueue.java:721)
	at java.desktop/java.awt.EventQueue$4.run(EventQueue.java:715)
	at java.base/java.security.AccessController.doPrivileged(AccessController.java:391)
	at java.base/java.security.ProtectionDomain$JavaSecurityAccessImpl.doIntersectionPrivilege(ProtectionDomain.java:85)
	at java.base/java.security.ProtectionDomain$JavaSecurityAccessImpl.doIntersectionPrivilege(ProtectionDomain.java:95)
	at java.desktop/java.awt.EventQueue$5.run(EventQueue.java:745)
	at java.desktop/java.awt.EventQueue$5.run(EventQueue.java:743)
	at java.base/java.security.AccessController.doPrivileged(AccessController.java:391)
	at java.base/java.security.ProtectionDomain$JavaSecurityAccessImpl.doIntersectionPrivilege(ProtectionDomain.java:85)
	at java.desktop/java.awt.EventQueue.dispatchEvent(EventQueue.java:742)
	at java.desktop/java.awt.EventDispatchThread.pumpOneEventForFilters(EventDispatchThread.java:203)
	at java.desktop/java.awt.EventDispatchThread.pumpEventsForFilter(EventDispatchThread.java:124)
	at java.desktop/java.awt.EventDispatchThread.pumpEventsForFilter(EventDispatchThread.java:117)
	at java.desktop/java.awt.WaitDispatchSupport$2.run(WaitDispatchSupport.java:190)
	at java.desktop/java.awt.WaitDispatchSupport$4.run(WaitDispatchSupport.java:235)
	at java.desktop/java.awt.WaitDispatchSupport$4.run(WaitDispatchSupport.java:233)
	at java.base/java.security.AccessController.doPrivileged(AccessController.java:312)
	at java.desktop/java.awt.WaitDispatchSupport.enter(WaitDispatchSupport.java:233)
	at java.desktop/java.awt.Dialog.show(Dialog.java:1079)
	at java.desktop/java.awt.Component.show(Component.java:1720)
	at java.desktop/java.awt.Component.setVisible(Component.java:1667)
	at java.desktop/java.awt.Window.setVisible(Window.java:1032)
	at java.desktop/java.awt.Dialog.setVisible(Dialog.java:1014)
	at form.TrangChuJFrame.mniDonHangActionPerformed(TrangChuJFrame.java:402)
	at form.TrangChuJFrame.btnDonHangActionPerformed(TrangChuJFrame.java:426)
	at form.TrangChuJFrame$2.actionPerformed(TrangChuJFrame.java:112)
	at java.desktop/javax.swing.AbstractButton.fireActionPerformed(AbstractButton.java:1972)
	at java.desktop/javax.swing.AbstractButton$Handler.actionPerformed(AbstractButton.java:2313)
	at java.desktop/javax.swing.DefaultButtonModel.fireActionPerformed(DefaultButtonModel.java:405)
	at java.desktop/javax.swing.DefaultButtonModel.setPressed(DefaultButtonModel.java:262)
	at java.desktop/javax.swing.plaf.basic.BasicButtonListener.mouseReleased(BasicButtonListener.java:279)
	at java.desktop/java.awt.Component.processMouseEvent(Component.java:6617)
	at java.desktop/javax.swing.JComponent.processMouseEvent(JComponent.java:3342)
	at java.desktop/java.awt.Component.processEvent(Component.java:6382)
	at java.desktop/java.awt.Container.processEvent(Container.java:2264)
	at java.desktop/java.awt.Component.dispatchEventImpl(Component.java:4993)
	at java.desktop/java.awt.Container.dispatchEventImpl(Container.java:2322)
	at java.desktop/java.awt.Component.dispatchEvent(Component.java:4825)
	at java.desktop/java.awt.LightweightDispatcher.retargetMouseEvent(Container.java:4934)
	at java.desktop/java.awt.LightweightDispatcher.processMouseEvent(Container.java:4563)
	at java.desktop/java.awt.LightweightDispatcher.dispatchEvent(Container.java:4504)
	at java.desktop/java.awt.Container.dispatchEventImpl(Container.java:2308)
	at java.desktop/java.awt.Window.dispatchEventImpl(Window.java:2773)
	at java.desktop/java.awt.Component.dispatchEvent(Component.java:4825)
	at java.desktop/java.awt.EventQueue.dispatchEventImpl(EventQueue.java:772)
	at java.desktop/java.awt.EventQueue$4.run(EventQueue.java:721)
	at java.desktop/java.awt.EventQueue$4.run(EventQueue.java:715)
	at java.base/java.security.AccessController.doPrivileged(AccessController.java:391)
	at java.base/java.security.ProtectionDomain$JavaSecurityAccessImpl.doIntersectionPrivilege(ProtectionDomain.java:85)
	at java.base/java.security.ProtectionDomain$JavaSecurityAccessImpl.doIntersectionPrivilege(ProtectionDomain.java:95)
	at java.desktop/java.awt.EventQueue$5.run(EventQueue.java:745)
	at java.desktop/java.awt.EventQueue$5.run(EventQueue.java:743)
	at java.base/java.security.AccessController.doPrivileged(AccessController.java:391)
	at java.base/java.security.ProtectionDomain$JavaSecurityAccessImpl.doIntersectionPrivilege(ProtectionDomain.java:85)
	at java.desktop/java.awt.EventQueue.dispatchEvent(EventQueue.java:742)
	at java.desktop/java.awt.EventDispatchThread.pumpOneEventForFilters(EventDispatchThread.java:203)
	at java.desktop/java.awt.EventDispatchThread.pumpEventsForFilter(EventDispatchThread.java:124)
	at java.desktop/java.awt.EventDispatchThread.pumpEventsForHierarchy(EventDispatchThread.java:113)
	at java.desktop/java.awt.EventDispatchThread.pumpEvents(EventDispatchThread.java:109)
	at java.desktop/java.awt.EventDispatchThread.pumpEvents(EventDispatchThread.java:101)
	at java.desktop/java.awt.EventDispatchThread.run(EventDispatchThread.java:90)
java.lang.RuntimeException: com.microsoft.sqlserver.jdbc.SQLServerException: The INSERT statement conflicted with the FOREIGN KEY constraint "FK__DonHangChiT__MaS__71D1E811". The conflict occurred in database "QLCuaHangSach", table "dbo.Sach", column 'MaS'.
	at phuongtien.JDBCHelper.update(JDBCHelper.java:53)
	at dao.DonHangCTDAO.insert(DonHangCTDAO.java:27)
	at form.DonHangJDialog.insertDonHangCT(DonHangJDialog.java:941)
	at form.DonHangJDialog.btnThanhToanActionPerformed(DonHangJDialog.java:553)
	at form.DonHangJDialog$5.actionPerformed(DonHangJDialog.java:183)
	at java.desktop/javax.swing.AbstractButton.fireActionPerformed(AbstractButton.java:1972)
	at java.desktop/javax.swing.AbstractButton$Handler.actionPerformed(AbstractButton.java:2313)
	at java.desktop/javax.swing.DefaultButtonModel.fireActionPerformed(DefaultButtonModel.java:405)
	at java.desktop/javax.swing.DefaultButtonModel.setPressed(DefaultButtonModel.java:262)
	at java.desktop/javax.swing.plaf.basic.BasicButtonListener.mouseReleased(BasicButtonListener.java:279)
	at java.desktop/java.awt.Component.processMouseEvent(Component.java:6617)
	at java.desktop/javax.swing.JComponent.processMouseEvent(JComponent.java:3342)
	at java.desktop/java.awt.Component.processEvent(Component.java:6382)
	at java.desktop/java.awt.Container.processEvent(Container.java:2264)
	at java.desktop/java.awt.Component.dispatchEventImpl(Component.java:4993)
	at java.desktop/java.awt.Container.dispatchEventImpl(Container.java:2322)
	at java.desktop/java.awt.Component.dispatchEvent(Component.java:4825)
	at java.desktop/java.awt.LightweightDispatcher.retargetMouseEvent(Container.java:4934)
	at java.desktop/java.awt.LightweightDispatcher.processMouseEvent(Container.java:4563)
	at java.desktop/java.awt.LightweightDispatcher.dispatchEvent(Container.java:4504)
	at java.desktop/java.awt.Container.dispatchEventImpl(Container.java:2308)
	at java.desktop/java.awt.Window.dispatchEventImpl(Window.java:2773)
	at java.desktop/java.awt.Component.dispatchEvent(Component.java:4825)
	at java.desktop/java.awt.EventQueue.dispatchEventImpl(EventQueue.java:772)
	at java.desktop/java.awt.EventQueue$4.run(EventQueue.java:721)
	at java.desktop/java.awt.EventQueue$4.run(EventQueue.java:715)
	at java.base/java.security.AccessController.doPrivileged(AccessController.java:391)
	at java.base/java.security.ProtectionDomain$JavaSecurityAccessImpl.doIntersectionPrivilege(ProtectionDomain.java:85)
	at java.base/java.security.ProtectionDomain$JavaSecurityAccessImpl.doIntersectionPrivilege(ProtectionDomain.java:95)
	at java.desktop/java.awt.EventQueue$5.run(EventQueue.java:745)
	at java.desktop/java.awt.EventQueue$5.run(EventQueue.java:743)
	at java.base/java.security.AccessController.doPrivileged(AccessController.java:391)
	at java.base/java.security.ProtectionDomain$JavaSecurityAccessImpl.doIntersectionPrivilege(ProtectionDomain.java:85)
	at java.desktop/java.awt.EventQueue.dispatchEvent(EventQueue.java:742)
	at java.desktop/java.awt.EventDispatchThread.pumpOneEventForFilters(EventDispatchThread.java:203)
	at java.desktop/java.awt.EventDispatchThread.pumpEventsForFilter(EventDispatchThread.java:124)
	at java.desktop/java.awt.EventDispatchThread.pumpEventsForFilter(EventDispatchThread.java:117)
	at java.desktop/java.awt.WaitDispatchSupport$2.run(WaitDispatchSupport.java:190)
	at java.desktop/java.awt.WaitDispatchSupport$4.run(WaitDispatchSupport.java:235)
	at java.desktop/java.awt.WaitDispatchSupport$4.run(WaitDispatchSupport.java:233)
	at java.base/java.security.AccessController.doPrivileged(AccessController.java:312)
	at java.desktop/java.awt.WaitDispatchSupport.enter(WaitDispatchSupport.java:233)
	at java.desktop/java.awt.Dialog.show(Dialog.java:1079)
	at java.desktop/java.awt.Component.show(Component.java:1720)
	at java.desktop/java.awt.Component.setVisible(Component.java:1667)
	at java.desktop/java.awt.Window.setVisible(Window.java:1032)
	at java.desktop/java.awt.Dialog.setVisible(Dialog.java:1014)
	at form.TrangChuJFrame.mniDonHangActionPerformed(TrangChuJFrame.java:402)
	at form.TrangChuJFrame.btnDonHangActionPerformed(TrangChuJFrame.java:426)
	at form.TrangChuJFrame$2.actionPerformed(TrangChuJFrame.java:112)
	at java.desktop/javax.swing.AbstractButton.fireActionPerformed(AbstractButton.java:1972)
	at java.desktop/javax.swing.AbstractButton$Handler.actionPerformed(AbstractButton.java:2313)
	at java.desktop/javax.swing.DefaultButtonModel.fireActionPerformed(DefaultButtonModel.java:405)
	at java.desktop/javax.swing.DefaultButtonModel.setPressed(DefaultButtonModel.java:262)
	at java.desktop/javax.swing.plaf.basic.BasicButtonListener.mouseReleased(BasicButtonListener.java:279)
	at java.desktop/java.awt.Component.processMouseEvent(Component.java:6617)
	at java.desktop/javax.swing.JComponent.processMouseEvent(JComponent.java:3342)
	at java.desktop/java.awt.Component.processEvent(Component.java:6382)
	at java.desktop/java.awt.Container.processEvent(Container.java:2264)
	at java.desktop/java.awt.Component.dispatchEventImpl(Component.java:4993)
	at java.desktop/java.awt.Container.dispatchEventImpl(Container.java:2322)
	at java.desktop/java.awt.Component.dispatchEvent(Component.java:4825)
	at java.desktop/java.awt.LightweightDispatcher.retargetMouseEvent(Container.java:4934)
	at java.desktop/java.awt.LightweightDispatcher.processMouseEvent(Container.java:4563)
	at java.desktop/java.awt.LightweightDispatcher.dispatchEvent(Container.java:4504)
	at java.desktop/java.awt.Container.dispatchEventImpl(Container.java:2308)
	at java.desktop/java.awt.Window.dispatchEventImpl(Window.java:2773)
	at java.desktop/java.awt.Component.dispatchEvent(Component.java:4825)
	at java.desktop/java.awt.EventQueue.dispatchEventImpl(EventQueue.java:772)
	at java.desktop/java.awt.EventQueue$4.run(EventQueue.java:721)
	at java.desktop/java.awt.EventQueue$4.run(EventQueue.java:715)
	at java.base/java.security.AccessController.doPrivileged(AccessController.java:391)
	at java.base/java.security.ProtectionDomain$JavaSecurityAccessImpl.doIntersectionPrivilege(ProtectionDomain.java:85)
	at java.base/java.security.ProtectionDomain$JavaSecurityAccessImpl.doIntersectionPrivilege(ProtectionDomain.java:95)
	at java.desktop/java.awt.EventQueue$5.run(EventQueue.java:745)
	at java.desktop/java.awt.EventQueue$5.run(EventQueue.java:743)
	at java.base/java.security.AccessController.doPrivileged(AccessController.java:391)
	at java.base/java.security.ProtectionDomain$JavaSecurityAccessImpl.doIntersectionPrivilege(ProtectionDomain.java:85)
	at java.desktop/java.awt.EventQueue.dispatchEvent(EventQueue.java:742)
	at java.desktop/java.awt.EventDispatchThread.pumpOneEventForFilters(EventDispatchThread.java:203)
	at java.desktop/java.awt.EventDispatchThread.pumpEventsForFilter(EventDispatchThread.java:124)
	at java.desktop/java.awt.EventDispatchThread.pumpEventsForHierarchy(EventDispatchThread.java:113)
	at java.desktop/java.awt.EventDispatchThread.pumpEvents(EventDispatchThread.java:109)
	at java.desktop/java.awt.EventDispatchThread.pumpEvents(EventDispatchThread.java:101)
	at java.desktop/java.awt.EventDispatchThread.run(EventDispatchThread.java:90)
Caused by: com.microsoft.sqlserver.jdbc.SQLServerException: The INSERT statement conflicted with the FOREIGN KEY constraint "FK__DonHangChiT__MaS__71D1E811". The conflict occurred in database "QLCuaHangSach", table "dbo.Sach", column 'MaS'.
	at com.microsoft.sqlserver.jdbc.SQLServerException.makeFromDatabaseError(SQLServerException.java:265)
	at com.microsoft.sqlserver.jdbc.SQLServerStatement.getNextResult(SQLServerStatement.java:1662)
	at com.microsoft.sqlserver.jdbc.SQLServerPreparedStatement.doExecutePreparedStatement(SQLServerPreparedStatement.java:615)
	at com.microsoft.sqlserver.jdbc.SQLServerPreparedStatement$PrepStmtExecCmd.doExecute(SQLServerPreparedStatement.java:537)
	at com.microsoft.sqlserver.jdbc.TDSCommand.execute(IOBuffer.java:7417)
	at com.microsoft.sqlserver.jdbc.SQLServerConnection.executeCommand(SQLServerConnection.java:3488)
	at com.microsoft.sqlserver.jdbc.SQLServerStatement.executeCommand(SQLServerStatement.java:262)
	at com.microsoft.sqlserver.jdbc.SQLServerStatement.executeStatement(SQLServerStatement.java:237)
	at com.microsoft.sqlserver.jdbc.SQLServerPreparedStatement.executeUpdate(SQLServerPreparedStatement.java:483)
	at phuongtien.JDBCHelper.update(JDBCHelper.java:47)
	... 84 more
